#
# There is insufficient memory for the Java Runtime Environment to continue.
# Native memory allocation (malloc) failed to allocate 702656 bytes for Chunk::new
# Possible reasons:
#   The system is out of physical RAM or swap space
#   The process is running with CompressedOops enabled, and the Java Heap may be blocking the growth of the native heap
# Possible solutions:
#   Reduce memory load on the system
#   Increase physical memory or swap space
#   Check if swap backing store is full
#   Decrease Java heap size (-Xmx/-Xms)
#   Decrease number of Java threads
#   Decrease Java thread stack sizes (-Xss)
#   Set larger code cache with -XX:ReservedCodeCacheSize=
#   JVM is running with Unscaled Compressed Oops mode in which the Java heap is
#     placed in the first 4GB address space. The Java Heap base address is the
#     maximum limit for the native heap growth. Please use -XX:HeapBaseMinAddress
#     to set the Java Heap base and to place the Java Heap above 4GB virtual address.
# This output file may be truncated or incomplete.
#
#  Out of Memory Error (t:/workspace/open/src/hotspot/share/memory/arena.cpp:197), pid=8548, tid=14344
#
# JRE version: Java(TM) SE Runtime Environment (12.0.2+10) (build 12.0.2+10)
# Java VM: Java HotSpot(TM) 64-Bit Server VM (12.0.2+10, mixed mode, sharing, tiered, compressed oops, g1 gc, windows-amd64)
# No core dump will be written. Minidumps are not enabled by default on client versions of Windows
#

---------------  S U M M A R Y ------------

Command Line: -Dfile.encoding=UTF-8 --module-path=D:\Nam3-HK1\PTUD\baitaplonPTUD\bin -Djdk.module.main=baitaplonPTUD baitaplonPTUD/GUI.giaodienChinh

Host: Intel(R) Core(TM) i7-4600U CPU @ 2.10GHz, 4 cores, 7G,  Windows 10 , 64 bit Build 16299 (10.0.16299.15)
Time: Tue Dec  1 08:27:17 2020 SE Asia Standard Time elapsed time: 0 seconds (0d 0h 0m 0s)

---------------  T H R E A D  ---------------

Current thread (0x000002a8b644a000):  JavaThread "C2 CompilerThread1" daemon [_thread_in_native, id=14344, stack(0x000000dd43b00000,0x000000dd43c00000)]


Current CompileTask:
C2:    830  802       4       jdk.internal.org.objectweb.asm.Frame::execute (2305 bytes)

Stack: [0x000000dd43b00000,0x000000dd43c00000]
Native frames: (J=compiled Java code, j=interpreted, Vv=VM code, C=native code)
V  [jvm.dll+0x63aa2a]
V  [jvm.dll+0x78ce1e]
V  [jvm.dll+0x78e4c1]
V  [jvm.dll+0x78eb13]
V  [jvm.dll+0x2627e8]
V  [jvm.dll+0xc55cc]
V  [jvm.dll+0xc5b4c]
V  [jvm.dll+0x2d4034]
V  [jvm.dll+0x5569ad]
V  [jvm.dll+0x2246f7]
V  [jvm.dll+0x21e313]
V  [jvm.dll+0x21b2b6]
V  [jvm.dll+0x199a20]
V  [jvm.dll+0x22a744]
V  [jvm.dll+0x228d98]
V  [jvm.dll+0x7512a0]
V  [jvm.dll+0x74a2c8]
V  [jvm.dll+0x639b16]
C  [ucrtbase.dll+0x1d885]
C  [KERNEL32.DLL+0x11fe4]
C  [ntdll.dll+0x6ef91]


---------------  P R O C E S S  ---------------

Threads class SMR info:
_java_thread_list=0x000002a8b7230ed0, length=15, elements={
0x000002a8b5962800, 0x000002a8b5964000, 0x000002a8b597a800, 0x000002a8b597b800,
0x000002a8b597f000, 0x000002a8b5988800, 0x000002a8b5994800, 0x000002a8b5949000,
0x000002a8b6436000, 0x000002a8b6652000, 0x000002a8b6656000, 0x000002a8b6659800,
0x000002a8b644a000, 0x000002a8b7316800, 0x000002a897575800
}

Java Threads: ( => current thread )
  0x000002a8b5962800 JavaThread "Reference Handler" daemon [_thread_blocked, id=18776, stack(0x000000dd42d00000,0x000000dd42e00000)]
  0x000002a8b5964000 JavaThread "Finalizer" daemon [_thread_blocked, id=15764, stack(0x000000dd42e00000,0x000000dd42f00000)]
  0x000002a8b597a800 JavaThread "Signal Dispatcher" daemon [_thread_blocked, id=14840, stack(0x000000dd43000000,0x000000dd43100000)]
  0x000002a8b597b800 JavaThread "Attach Listener" daemon [_thread_blocked, id=19204, stack(0x000000dd43100000,0x000000dd43200000)]
  0x000002a8b597f000 JavaThread "C2 CompilerThread0" daemon [_thread_blocked, id=19208, stack(0x000000dd43200000,0x000000dd43300000)]
  0x000002a8b5988800 JavaThread "C1 CompilerThread0" daemon [_thread_blocked, id=19192, stack(0x000000dd43300000,0x000000dd43400000)]
  0x000002a8b5994800 JavaThread "Sweeper thread" daemon [_thread_blocked, id=10852, stack(0x000000dd43400000,0x000000dd43500000)]
  0x000002a8b5949000 JavaThread "Common-Cleaner" daemon [_thread_blocked, id=19216, stack(0x000000dd43500000,0x000000dd43600000)]
  0x000002a8b6436000 JavaThread "Service Thread" daemon [_thread_blocked, id=19348, stack(0x000000dd43600000,0x000000dd43700000)]
  0x000002a8b6652000 JavaThread "Java2D Disposer" daemon [_thread_blocked, id=19132, stack(0x000000dd43800000,0x000000dd43900000)]
  0x000002a8b6656000 JavaThread "AWT-Shutdown" [_thread_blocked, id=19112, stack(0x000000dd43900000,0x000000dd43a00000)]
  0x000002a8b6659800 JavaThread "AWT-Windows" daemon [_thread_in_native, id=684, stack(0x000000dd43a00000,0x000000dd43b00000)]
=>0x000002a8b644a000 JavaThread "C2 CompilerThread1" daemon [_thread_in_native, id=14344, stack(0x000000dd43b00000,0x000000dd43c00000)]
  0x000002a8b7316800 JavaThread "AWT-EventQueue-0" [_thread_in_native, id=12684, stack(0x000000dd43f00000,0x000000dd44000000)]
  0x000002a897575800 JavaThread "DestroyJavaVM" [_thread_blocked, id=12144, stack(0x000000dd42600000,0x000000dd42700000)]

Other Threads:
  0x000002a8b595f000 VMThread "VM Thread" [stack: 0x000000dd42c00000,0x000000dd42d00000] [id=19008]
  0x000002a8b6448000 WatcherThread [stack: 0x000000dd43700000,0x000000dd43800000] [id=19352]
  0x000002a8975b2800 GCTaskThread "GC Thread#0" [stack: 0x000000dd42700000,0x000000dd42800000] [id=18952]
  0x000002a8b721f800 GCTaskThread "GC Thread#1" [stack: 0x000000dd43c00000,0x000000dd43d00000] [id=18032]
  0x000002a8b721a800 GCTaskThread "GC Thread#2" [stack: 0x000000dd43d00000,0x000000dd43e00000] [id=1056]
  0x000002a8b721b800 GCTaskThread "GC Thread#3" [stack: 0x000000dd43e00000,0x000000dd43f00000] [id=5324]
  0x000002a8975c1000 ConcurrentGCThread "G1 Main Marker" [stack: 0x000000dd42800000,0x000000dd42900000] [id=1488]
  0x000002a8975c8800 ConcurrentGCThread "G1 Conc#0" [stack: 0x000000dd42900000,0x000000dd42a00000] [id=11140]
  0x000002a897649800 ConcurrentGCThread "G1 Refine#0" [stack: 0x000000dd42a00000,0x000000dd42b00000] [id=18996]
  0x000002a89764a000 ConcurrentGCThread "G1 Young RemSet Sampling" [stack: 0x000000dd42b00000,0x000000dd42c00000] [id=18948]

Threads with active compile tasks:
C2 CompilerThread1   802       4       jdk.internal.org.objectweb.asm.Frame::execute (2305 bytes)

VM state:not at safepoint (normal execution)

VM Mutex/Monitor currently owned by a thread: None

Heap address: 0x0000000081c00000, size: 2020 MB, Compressed Oops mode: 32-bit
Narrow klass base: 0x0000000800000000, Narrow klass shift: 3
Compressed class space size: 1073741824 Address: 0x0000000801190000

Heap:
 garbage-first heap   total 131072K, used 18027K [0x0000000081c00000, 0x0000000100000000)
  region size 1024K, 9 young (9216K), 2 survivors (2048K)
 Metaspace       used 8064K, capacity 8420K, committed 8576K, reserved 1056768K
  class space    used 918K, capacity 1087K, committed 1152K, reserved 1048576K
Heap Regions: E=young(eden), S=young(survivor), O=old, HS=humongous(starts), HC=humongous(continues), CS=collection set, F=free, A=archive, TAMS=top-at-mark-start (previous, next)
|   0|0x0000000081c00000, 0x0000000081d00000, 0x0000000081d00000|100%|HS|  |TAMS 0x0000000081c00000, 0x0000000081c00000| Complete 
|   1|0x0000000081d00000, 0x0000000081e00000, 0x0000000081e00000|100%|HC|  |TAMS 0x0000000081d00000, 0x0000000081d00000| Complete 
|   2|0x0000000081e00000, 0x0000000081f00000, 0x0000000081f00000|100%|HS|  |TAMS 0x0000000081e00000, 0x0000000081e00000| Complete 
|   3|0x0000000081f00000, 0x0000000082000000, 0x0000000082000000|100%|HC|  |TAMS 0x0000000081f00000, 0x0000000081f00000| Complete 
|   4|0x0000000082000000, 0x0000000082100000, 0x0000000082100000|100%|HC|  |TAMS 0x0000000082000000, 0x0000000082000000| Complete 
|   5|0x0000000082100000, 0x0000000082200000, 0x0000000082200000|100%|HC|  |TAMS 0x0000000082100000, 0x0000000082100000| Complete 
|   6|0x0000000082200000, 0x0000000082300000, 0x0000000082300000|100%|HS|  |TAMS 0x0000000082200000, 0x0000000082200000| Complete 
|   7|0x0000000082300000, 0x0000000082400000, 0x0000000082400000|100%|HC|  |TAMS 0x0000000082300000, 0x0000000082300000| Complete 
|   8|0x0000000082400000, 0x0000000082500000, 0x0000000082500000|100%|HC|  |TAMS 0x0000000082400000, 0x0000000082400000| Complete 
|   9|0x0000000082500000, 0x0000000082600000, 0x0000000082600000|100%|HC|  |TAMS 0x0000000082500000, 0x0000000082500000| Complete 
|  10|0x0000000082600000, 0x0000000082600000, 0x0000000082700000|  0%| F|  |TAMS 0x0000000082600000, 0x0000000082600000| Untracked 
|  11|0x0000000082700000, 0x0000000082700000, 0x0000000082800000|  0%| F|  |TAMS 0x0000000082700000, 0x0000000082700000| Untracked 
|  12|0x0000000082800000, 0x0000000082800000, 0x0000000082900000|  0%| F|  |TAMS 0x0000000082800000, 0x0000000082800000| Untracked 
|  13|0x0000000082900000, 0x0000000082900000, 0x0000000082a00000|  0%| F|  |TAMS 0x0000000082900000, 0x0000000082900000| Untracked 
|  14|0x0000000082a00000, 0x0000000082a00000, 0x0000000082b00000|  0%| F|  |TAMS 0x0000000082a00000, 0x0000000082a00000| Untracked 
|  15|0x0000000082b00000, 0x0000000082b00000, 0x0000000082c00000|  0%| F|  |TAMS 0x0000000082b00000, 0x0000000082b00000| Untracked 
|  16|0x0000000082c00000, 0x0000000082c00000, 0x0000000082d00000|  0%| F|  |TAMS 0x0000000082c00000, 0x0000000082c00000| Untracked 
|  17|0x0000000082d00000, 0x0000000082d00000, 0x0000000082e00000|  0%| F|  |TAMS 0x0000000082d00000, 0x0000000082d00000| Untracked 
|  18|0x0000000082e00000, 0x0000000082e00000, 0x0000000082f00000|  0%| F|  |TAMS 0x0000000082e00000, 0x0000000082e00000| Untracked 
|  19|0x0000000082f00000, 0x0000000082f00000, 0x0000000083000000|  0%| F|  |TAMS 0x0000000082f00000, 0x0000000082f00000| Untracked 
|  20|0x0000000083000000, 0x0000000083000000, 0x0000000083100000|  0%| F|  |TAMS 0x0000000083000000, 0x0000000083000000| Untracked 
|  21|0x0000000083100000, 0x0000000083100000, 0x0000000083200000|  0%| F|  |TAMS 0x0000000083100000, 0x0000000083100000| Untracked 
|  22|0x0000000083200000, 0x0000000083200000, 0x0000000083300000|  0%| F|  |TAMS 0x0000000083200000, 0x0000000083200000| Untracked 
|  23|0x0000000083300000, 0x0000000083300000, 0x0000000083400000|  0%| F|  |TAMS 0x0000000083300000, 0x0000000083300000| Untracked 
|  24|0x0000000083400000, 0x0000000083400000, 0x0000000083500000|  0%| F|  |TAMS 0x0000000083400000, 0x0000000083400000| Untracked 
|  25|0x0000000083500000, 0x0000000083500000, 0x0000000083600000|  0%| F|  |TAMS 0x0000000083500000, 0x0000000083500000| Untracked 
|  26|0x0000000083600000, 0x0000000083600000, 0x0000000083700000|  0%| F|  |TAMS 0x0000000083600000, 0x0000000083600000| Untracked 
|  27|0x0000000083700000, 0x0000000083700000, 0x0000000083800000|  0%| F|  |TAMS 0x0000000083700000, 0x0000000083700000| Untracked 
|  28|0x0000000083800000, 0x0000000083800000, 0x0000000083900000|  0%| F|  |TAMS 0x0000000083800000, 0x0000000083800000| Untracked 
|  29|0x0000000083900000, 0x0000000083900000, 0x0000000083a00000|  0%| F|  |TAMS 0x0000000083900000, 0x0000000083900000| Untracked 
|  30|0x0000000083a00000, 0x0000000083a00000, 0x0000000083b00000|  0%| F|  |TAMS 0x0000000083a00000, 0x0000000083a00000| Untracked 
|  31|0x0000000083b00000, 0x0000000083b00000, 0x0000000083c00000|  0%| F|  |TAMS 0x0000000083b00000, 0x0000000083b00000| Untracked 
|  32|0x0000000083c00000, 0x0000000083c00000, 0x0000000083d00000|  0%| F|  |TAMS 0x0000000083c00000, 0x0000000083c00000| Untracked 
|  33|0x0000000083d00000, 0x0000000083d00000, 0x0000000083e00000|  0%| F|  |TAMS 0x0000000083d00000, 0x0000000083d00000| Untracked 
|  34|0x0000000083e00000, 0x0000000083e00000, 0x0000000083f00000|  0%| F|  |TAMS 0x0000000083e00000, 0x0000000083e00000| Untracked 
|  35|0x0000000083f00000, 0x0000000083f00000, 0x0000000084000000|  0%| F|  |TAMS 0x0000000083f00000, 0x0000000083f00000| Untracked 
|  36|0x0000000084000000, 0x0000000084000000, 0x0000000084100000|  0%| F|  |TAMS 0x0000000084000000, 0x0000000084000000| Untracked 
|  37|0x0000000084100000, 0x0000000084100000, 0x0000000084200000|  0%| F|  |TAMS 0x0000000084100000, 0x0000000084100000| Untracked 
|  38|0x0000000084200000, 0x0000000084200000, 0x0000000084300000|  0%| F|  |TAMS 0x0000000084200000, 0x0000000084200000| Untracked 
|  39|0x0000000084300000, 0x0000000084300000, 0x0000000084400000|  0%| F|  |TAMS 0x0000000084300000, 0x0000000084300000| Untracked 
|  40|0x0000000084400000, 0x0000000084400000, 0x0000000084500000|  0%| F|  |TAMS 0x0000000084400000, 0x0000000084400000| Untracked 
|  41|0x0000000084500000, 0x0000000084500000, 0x0000000084600000|  0%| F|  |TAMS 0x0000000084500000, 0x0000000084500000| Untracked 
|  42|0x0000000084600000, 0x0000000084600000, 0x0000000084700000|  0%| F|  |TAMS 0x0000000084600000, 0x0000000084600000| Untracked 
|  43|0x0000000084700000, 0x0000000084700000, 0x0000000084800000|  0%| F|  |TAMS 0x0000000084700000, 0x0000000084700000| Untracked 
|  44|0x0000000084800000, 0x0000000084800000, 0x0000000084900000|  0%| F|  |TAMS 0x0000000084800000, 0x0000000084800000| Untracked 
|  45|0x0000000084900000, 0x0000000084900000, 0x0000000084a00000|  0%| F|  |TAMS 0x0000000084900000, 0x0000000084900000| Untracked 
|  46|0x0000000084a00000, 0x0000000084a00000, 0x0000000084b00000|  0%| F|  |TAMS 0x0000000084a00000, 0x0000000084a00000| Untracked 
|  47|0x0000000084b00000, 0x0000000084b00000, 0x0000000084c00000|  0%| F|  |TAMS 0x0000000084b00000, 0x0000000084b00000| Untracked 
|  48|0x0000000084c00000, 0x0000000084c00000, 0x0000000084d00000|  0%| F|  |TAMS 0x0000000084c00000, 0x0000000084c00000| Untracked 
|  49|0x0000000084d00000, 0x0000000084d00000, 0x0000000084e00000|  0%| F|  |TAMS 0x0000000084d00000, 0x0000000084d00000| Untracked 
|  50|0x0000000084e00000, 0x0000000084e00000, 0x0000000084f00000|  0%| F|  |TAMS 0x0000000084e00000, 0x0000000084e00000| Untracked 
|  51|0x0000000084f00000, 0x0000000084f00000, 0x0000000085000000|  0%| F|  |TAMS 0x0000000084f00000, 0x0000000084f00000| Untracked 
|  52|0x0000000085000000, 0x0000000085000000, 0x0000000085100000|  0%| F|  |TAMS 0x0000000085000000, 0x0000000085000000| Untracked 
|  53|0x0000000085100000, 0x0000000085100000, 0x0000000085200000|  0%| F|  |TAMS 0x0000000085100000, 0x0000000085100000| Untracked 
|  54|0x0000000085200000, 0x0000000085200000, 0x0000000085300000|  0%| F|  |TAMS 0x0000000085200000, 0x0000000085200000| Untracked 
|  55|0x0000000085300000, 0x0000000085300000, 0x0000000085400000|  0%| F|  |TAMS 0x0000000085300000, 0x0000000085300000| Untracked 
|  56|0x0000000085400000, 0x0000000085400000, 0x0000000085500000|  0%| F|  |TAMS 0x0000000085400000, 0x0000000085400000| Untracked 
|  57|0x0000000085500000, 0x0000000085500000, 0x0000000085600000|  0%| F|  |TAMS 0x0000000085500000, 0x0000000085500000| Untracked 
|  58|0x0000000085600000, 0x0000000085600000, 0x0000000085700000|  0%| F|  |TAMS 0x0000000085600000, 0x0000000085600000| Untracked 
|  59|0x0000000085700000, 0x0000000085700000, 0x0000000085800000|  0%| F|  |TAMS 0x0000000085700000, 0x0000000085700000| Untracked 
|  60|0x0000000085800000, 0x0000000085800000, 0x0000000085900000|  0%| F|  |TAMS 0x0000000085800000, 0x0000000085800000| Untracked 
|  61|0x0000000085900000, 0x0000000085900000, 0x0000000085a00000|  0%| F|  |TAMS 0x0000000085900000, 0x0000000085900000| Untracked 
|  62|0x0000000085a00000, 0x0000000085a00000, 0x0000000085b00000|  0%| F|  |TAMS 0x0000000085a00000, 0x0000000085a00000| Untracked 
|  63|0x0000000085b00000, 0x0000000085b00000, 0x0000000085c00000|  0%| F|  |TAMS 0x0000000085b00000, 0x0000000085b00000| Untracked 
|  64|0x0000000085c00000, 0x0000000085c00000, 0x0000000085d00000|  0%| F|  |TAMS 0x0000000085c00000, 0x0000000085c00000| Untracked 
|  65|0x0000000085d00000, 0x0000000085d00000, 0x0000000085e00000|  0%| F|  |TAMS 0x0000000085d00000, 0x0000000085d00000| Untracked 
|  66|0x0000000085e00000, 0x0000000085e00000, 0x0000000085f00000|  0%| F|  |TAMS 0x0000000085e00000, 0x0000000085e00000| Untracked 
|  67|0x0000000085f00000, 0x0000000085f00000, 0x0000000086000000|  0%| F|  |TAMS 0x0000000085f00000, 0x0000000085f00000| Untracked 
|  68|0x0000000086000000, 0x0000000086000000, 0x0000000086100000|  0%| F|  |TAMS 0x0000000086000000, 0x0000000086000000| Untracked 
|  69|0x0000000086100000, 0x0000000086100000, 0x0000000086200000|  0%| F|  |TAMS 0x0000000086100000, 0x0000000086100000| Untracked 
|  70|0x0000000086200000, 0x0000000086200000, 0x0000000086300000|  0%| F|  |TAMS 0x0000000086200000, 0x0000000086200000| Untracked 
|  71|0x0000000086300000, 0x0000000086300000, 0x0000000086400000|  0%| F|  |TAMS 0x0000000086300000, 0x0000000086300000| Untracked 
|  72|0x0000000086400000, 0x0000000086400000, 0x0000000086500000|  0%| F|  |TAMS 0x0000000086400000, 0x0000000086400000| Untracked 
|  73|0x0000000086500000, 0x0000000086500000, 0x0000000086600000|  0%| F|  |TAMS 0x0000000086500000, 0x0000000086500000| Untracked 
|  74|0x0000000086600000, 0x0000000086600000, 0x0000000086700000|  0%| F|  |TAMS 0x0000000086600000, 0x0000000086600000| Untracked 
|  75|0x0000000086700000, 0x0000000086700000, 0x0000000086800000|  0%| F|  |TAMS 0x0000000086700000, 0x0000000086700000| Untracked 
|  76|0x0000000086800000, 0x0000000086800000, 0x0000000086900000|  0%| F|  |TAMS 0x0000000086800000, 0x0000000086800000| Untracked 
|  77|0x0000000086900000, 0x0000000086900000, 0x0000000086a00000|  0%| F|  |TAMS 0x0000000086900000, 0x0000000086900000| Untracked 
|  78|0x0000000086a00000, 0x0000000086a00000, 0x0000000086b00000|  0%| F|  |TAMS 0x0000000086a00000, 0x0000000086a00000| Untracked 
|  79|0x0000000086b00000, 0x0000000086b00000, 0x0000000086c00000|  0%| F|  |TAMS 0x0000000086b00000, 0x0000000086b00000| Untracked 
|  80|0x0000000086c00000, 0x0000000086c00000, 0x0000000086d00000|  0%| F|  |TAMS 0x0000000086c00000, 0x0000000086c00000| Untracked 
|  81|0x0000000086d00000, 0x0000000086d00000, 0x0000000086e00000|  0%| F|  |TAMS 0x0000000086d00000, 0x0000000086d00000| Untracked 
|  82|0x0000000086e00000, 0x0000000086e00000, 0x0000000086f00000|  0%| F|  |TAMS 0x0000000086e00000, 0x0000000086e00000| Untracked 
|  83|0x0000000086f00000, 0x0000000086f00000, 0x0000000087000000|  0%| F|  |TAMS 0x0000000086f00000, 0x0000000086f00000| Untracked 
|  84|0x0000000087000000, 0x0000000087000000, 0x0000000087100000|  0%| F|  |TAMS 0x0000000087000000, 0x0000000087000000| Untracked 
|  85|0x0000000087100000, 0x0000000087100000, 0x0000000087200000|  0%| F|  |TAMS 0x0000000087100000, 0x0000000087100000| Untracked 
|  86|0x0000000087200000, 0x0000000087200000, 0x0000000087300000|  0%| F|  |TAMS 0x0000000087200000, 0x0000000087200000| Untracked 
|  87|0x0000000087300000, 0x0000000087300000, 0x0000000087400000|  0%| F|  |TAMS 0x0000000087300000, 0x0000000087300000| Untracked 
|  88|0x0000000087400000, 0x0000000087400000, 0x0000000087500000|  0%| F|  |TAMS 0x0000000087400000, 0x0000000087400000| Untracked 
|  89|0x0000000087500000, 0x0000000087500000, 0x0000000087600000|  0%| F|  |TAMS 0x0000000087500000, 0x0000000087500000| Untracked 
|  90|0x0000000087600000, 0x0000000087600000, 0x0000000087700000|  0%| F|  |TAMS 0x0000000087600000, 0x0000000087600000| Untracked 
|  91|0x0000000087700000, 0x0000000087700000, 0x0000000087800000|  0%| F|  |TAMS 0x0000000087700000, 0x0000000087700000| Untracked 
|  92|0x0000000087800000, 0x0000000087800000, 0x0000000087900000|  0%| F|  |TAMS 0x0000000087800000, 0x0000000087800000| Untracked 
|  93|0x0000000087900000, 0x0000000087900000, 0x0000000087a00000|  0%| F|  |TAMS 0x0000000087900000, 0x0000000087900000| Untracked 
|  94|0x0000000087a00000, 0x0000000087a00000, 0x0000000087b00000|  0%| F|  |TAMS 0x0000000087a00000, 0x0000000087a00000| Untracked 
|  95|0x0000000087b00000, 0x0000000087b00000, 0x0000000087c00000|  0%| F|  |TAMS 0x0000000087b00000, 0x0000000087b00000| Untracked 
|  96|0x0000000087c00000, 0x0000000087c00000, 0x0000000087d00000|  0%| F|  |TAMS 0x0000000087c00000, 0x0000000087c00000| Untracked 
|  97|0x0000000087d00000, 0x0000000087d00000, 0x0000000087e00000|  0%| F|  |TAMS 0x0000000087d00000, 0x0000000087d00000| Untracked 
|  98|0x0000000087e00000, 0x0000000087e00000, 0x0000000087f00000|  0%| F|  |TAMS 0x0000000087e00000, 0x0000000087e00000| Untracked 
|  99|0x0000000087f00000, 0x0000000087f00000, 0x0000000088000000|  0%| F|  |TAMS 0x0000000087f00000, 0x0000000087f00000| Untracked 
| 100|0x0000000088000000, 0x0000000088000000, 0x0000000088100000|  0%| F|  |TAMS 0x0000000088000000, 0x0000000088000000| Untracked 
| 101|0x0000000088100000, 0x0000000088100000, 0x0000000088200000|  0%| F|  |TAMS 0x0000000088100000, 0x0000000088100000| Untracked 
| 102|0x0000000088200000, 0x0000000088200000, 0x0000000088300000|  0%| F|  |TAMS 0x0000000088200000, 0x0000000088200000| Untracked 
| 103|0x0000000088300000, 0x0000000088300000, 0x0000000088400000|  0%| F|  |TAMS 0x0000000088300000, 0x0000000088300000| Untracked 
| 104|0x0000000088400000, 0x0000000088400000, 0x0000000088500000|  0%| F|  |TAMS 0x0000000088400000, 0x0000000088400000| Untracked 
| 105|0x0000000088500000, 0x0000000088500000, 0x0000000088600000|  0%| F|  |TAMS 0x0000000088500000, 0x0000000088500000| Untracked 
| 106|0x0000000088600000, 0x0000000088600000, 0x0000000088700000|  0%| F|  |TAMS 0x0000000088600000, 0x0000000088600000| Untracked 
| 107|0x0000000088700000, 0x0000000088700000, 0x0000000088800000|  0%| F|  |TAMS 0x0000000088700000, 0x0000000088700000| Untracked 
| 108|0x0000000088800000, 0x0000000088800000, 0x0000000088900000|  0%| F|  |TAMS 0x0000000088800000, 0x0000000088800000| Untracked 
| 109|0x0000000088900000, 0x0000000088900000, 0x0000000088a00000|  0%| F|  |TAMS 0x0000000088900000, 0x0000000088900000| Untracked 
| 110|0x0000000088a00000, 0x0000000088a00000, 0x0000000088b00000|  0%| F|  |TAMS 0x0000000088a00000, 0x0000000088a00000| Untracked 
| 111|0x0000000088b00000, 0x0000000088b00000, 0x0000000088c00000|  0%| F|  |TAMS 0x0000000088b00000, 0x0000000088b00000| Untracked 
| 112|0x0000000088c00000, 0x0000000088c9ae80, 0x0000000088d00000| 60%| S|CS|TAMS 0x0000000088c00000, 0x0000000088c00000| Complete 
| 113|0x0000000088d00000, 0x0000000088e00000, 0x0000000088e00000|100%| S|CS|TAMS 0x0000000088d00000, 0x0000000088d00000| Complete 
| 114|0x0000000088e00000, 0x0000000088e00000, 0x0000000088f00000|  0%| F|  |TAMS 0x0000000088e00000, 0x0000000088e00000| Untracked 
| 115|0x0000000088f00000, 0x0000000088f00000, 0x0000000089000000|  0%| F|  |TAMS 0x0000000088f00000, 0x0000000088f00000| Untracked 
| 116|0x0000000089000000, 0x0000000089000000, 0x0000000089100000|  0%| F|  |TAMS 0x0000000089000000, 0x0000000089000000| Untracked 
| 117|0x0000000089100000, 0x0000000089100000, 0x0000000089200000|  0%| F|  |TAMS 0x0000000089100000, 0x0000000089100000| Untracked 
| 118|0x0000000089200000, 0x0000000089200000, 0x0000000089300000|  0%| F|  |TAMS 0x0000000089200000, 0x0000000089200000| Untracked 
| 119|0x0000000089300000, 0x0000000089300000, 0x0000000089400000|  0%| F|  |TAMS 0x0000000089300000, 0x0000000089300000| Untracked 
| 120|0x0000000089400000, 0x0000000089400000, 0x0000000089500000|  0%| F|  |TAMS 0x0000000089400000, 0x0000000089400000| Untracked 
| 121|0x0000000089500000, 0x0000000089500800, 0x0000000089600000|  0%| E|  |TAMS 0x0000000089500000, 0x0000000089500000| Complete 
| 122|0x0000000089600000, 0x0000000089700000, 0x0000000089700000|100%| E|CS|TAMS 0x0000000089600000, 0x0000000089600000| Complete 
| 123|0x0000000089700000, 0x0000000089800000, 0x0000000089800000|100%| E|CS|TAMS 0x0000000089700000, 0x0000000089700000| Complete 
| 124|0x0000000089800000, 0x0000000089900000, 0x0000000089900000|100%| E|CS|TAMS 0x0000000089800000, 0x0000000089800000| Complete 
| 125|0x0000000089900000, 0x0000000089a00000, 0x0000000089a00000|100%| E|CS|TAMS 0x0000000089900000, 0x0000000089900000| Complete 
| 126|0x0000000089a00000, 0x0000000089b00000, 0x0000000089b00000|100%| E|CS|TAMS 0x0000000089a00000, 0x0000000089a00000| Complete 
| 127|0x0000000089b00000, 0x0000000089c00000, 0x0000000089c00000|100%| E|CS|TAMS 0x0000000089b00000, 0x0000000089b00000| Complete 

Card table byte_map: [0x000002a8aed80000,0x000002a8af180000] _byte_map_base: 0x000002a8ae972000

Marking Bits (Prev, Next): (CMBitMap*) 0x000002a8975b46b8, (CMBitMap*) 0x000002a8975b46f8
 Prev Bits: [0x000002a8af580000, 0x000002a8b1510000)
 Next Bits: [0x000002a8b1510000, 0x000002a8b34a0000)

Polling page: 0x000002a895460000

Metaspace:

Usage:
  Non-class:      7.16 MB capacity,     6.98 MB ( 97%) used,   159.35 KB (  2%) free+waste,    27.81 KB ( <1%) overhead. 
      Class:      1.06 MB capacity,   918.45 KB ( 84%) used,   151.80 KB ( 14%) free+waste,    16.75 KB (  2%) overhead. 
       Both:      8.22 MB capacity,     7.88 MB ( 96%) used,   311.15 KB (  4%) free+waste,    44.56 KB ( <1%) overhead. 

Virtual space:
  Non-class space:        8.00 MB reserved,       7.25 MB ( 91%) committed 
      Class space:        1.00 GB reserved,       1.13 MB ( <1%) committed 
             Both:        1.01 GB reserved,       8.38 MB ( <1%) committed 

Chunk freelists:
   Non-Class:  3.38 KB
       Class:  128 bytes
        Both:  3.50 KB

CodeHeap 'non-profiled nmethods': size=120064Kb used=287Kb max_used=287Kb free=119776Kb
 bounds [0x000002a8a7440000, 0x000002a8a76b0000, 0x000002a8ae980000]
CodeHeap 'profiled nmethods': size=120000Kb used=1490Kb max_used=1490Kb free=118509Kb
 bounds [0x000002a89ff10000, 0x000002a8a0180000, 0x000002a8a7440000]
CodeHeap 'non-nmethods': size=5696Kb used=1215Kb max_used=1223Kb free=4480Kb
 bounds [0x000002a89f980000, 0x000002a89fbf0000, 0x000002a89ff10000]
 total_blobs=1584 nmethods=855 adapters=482
 compilation: enabled
              stopped_count=0, restarted_count=0
 full_count=0

Compilation events (10 events):
Event: 0.827 Thread 0x000002a8b5988800  850       3       java.nio.MappedByteBuffer::limit (6 bytes)
Event: 0.827 Thread 0x000002a8b5988800 nmethod 850 0x000002a8a0081c90 code [0x000002a8a0081e60, 0x000002a8a00820f0]
Event: 0.827 Thread 0x000002a8b5988800  851       3       java.nio.MappedByteBuffer::position (6 bytes)
Event: 0.827 Thread 0x000002a8b5988800 nmethod 851 0x000002a8a0082210 code [0x000002a8a00823e0, 0x000002a8a0082670]
Event: 0.827 Thread 0x000002a8b5988800  852       3       java.security.AccessController::doPrivileged (9 bytes)
Event: 0.827 Thread 0x000002a8b5988800 nmethod 852 0x000002a8a0082790 code [0x000002a8a0082980, 0x000002a8a0082d20]
Event: 0.828 Thread 0x000002a8b5988800  853       3       java.lang.ThreadLocal::get (38 bytes)
Event: 0.829 Thread 0x000002a8b5988800 nmethod 853 0x000002a8a0082e90 code [0x000002a8a0083080, 0x000002a8a0083420]
Event: 0.829 Thread 0x000002a8b5988800  855       3       sun.nio.ch.FileChannelImpl::ensureOpen (16 bytes)
Event: 0.829 Thread 0x000002a8b5988800 nmethod 855 0x000002a8a0083590 code [0x000002a8a0083760, 0x000002a8a0083a50]

GC Heap History (2 events):
Event: 0.642 GC heap before
{Heap before GC invocations=0 (full 0):
 garbage-first heap   total 131072K, used 20480K [0x0000000081c00000, 0x0000000100000000)
  region size 1024K, 14 young (14336K), 0 survivors (0K)
 Metaspace       used 6130K, capacity 6503K, committed 6784K, reserved 1056768K
  class space    used 680K, capacity 831K, committed 896K, reserved 1048576K
}
Event: 0.647 GC heap after
{Heap after GC invocations=1 (full 0):
 garbage-first heap   total 131072K, used 7787K [0x0000000081c00000, 0x0000000100000000)
  region size 1024K, 2 young (2048K), 2 survivors (2048K)
 Metaspace       used 6130K, capacity 6503K, committed 6784K, reserved 1056768K
  class space    used 680K, capacity 831K, committed 896K, reserved 1048576K
}

Deoptimization events (10 events):
Event: 0.195 Thread 0x000002a897575800 Uncommon trap: reason=class_check action=maybe_recompile pc=0x000002a8a744d7c0 method=java.util.HashMap.putVal(ILjava/lang/Object;Ljava/lang/Object;ZZ)Ljava/lang/Object; @ 152 c2
Event: 0.345 Thread 0x000002a897575800 Uncommon trap: reason=bimorphic_or_optimized_type_check action=maybe_recompile pc=0x000002a8a745d204 method=java.util.HashMap.putVal(ILjava/lang/Object;Ljava/lang/Object;ZZ)Ljava/lang/Object; @ 152 c2
Event: 0.345 Thread 0x000002a897575800 Uncommon trap: reason=bimorphic_or_optimized_type_check action=maybe_recompile pc=0x000002a8a745d204 method=java.util.HashMap.putVal(ILjava/lang/Object;Ljava/lang/Object;ZZ)Ljava/lang/Object; @ 152 c2
Event: 0.345 Thread 0x000002a897575800 Uncommon trap: reason=bimorphic_or_optimized_type_check action=maybe_recompile pc=0x000002a8a745d204 method=java.util.HashMap.putVal(ILjava/lang/Object;Ljava/lang/Object;ZZ)Ljava/lang/Object; @ 152 c2
Event: 0.345 Thread 0x000002a897575800 Uncommon trap: reason=bimorphic_or_optimized_type_check action=maybe_recompile pc=0x000002a8a745d204 method=java.util.HashMap.putVal(ILjava/lang/Object;Ljava/lang/Object;ZZ)Ljava/lang/Object; @ 152 c2
Event: 0.364 Thread 0x000002a897575800 Uncommon trap: reason=unstable_if action=reinterpret pc=0x000002a8a744b5d8 method=java.lang.String.equals(Ljava/lang/Object;)Z @ 27 c2
Event: 0.410 Thread 0x000002a897575800 Uncommon trap: reason=unstable_if action=reinterpret pc=0x000002a8a746a110 method=java.nio.Buffer.hasRemaining()Z @ 8 c2
Event: 0.467 Thread 0x000002a897575800 Uncommon trap: reason=unstable_if action=reinterpret pc=0x000002a8a746f598 method=java.lang.Math.round(F)I @ 23 c2
Event: 0.671 Thread 0x000002a897575800 Uncommon trap: reason=unstable_if action=reinterpret pc=0x000002a8a747bcd8 method=sun.awt.image.OffScreenImageSource.sendPixels()V @ 663 c2
Event: 0.684 Thread 0x000002a897575800 Uncommon trap: reason=unstable_if action=reinterpret pc=0x000002a8a747d504 method=sun.awt.image.ImageRepresentation.getOpaqueRGBImage()Ljava/awt/image/BufferedImage; @ 57 c2

Classes redefined (0 events):
No events

Internal exceptions (10 events):
Event: 0.344 Thread 0x000002a897575800 Exception <a 'java/lang/ClassNotFoundException'{0x00000000897be8b0}: com/sun/swing/internal/plaf/metal/resources/spi/metalProvider> (0x00000000897be8b0) thrown at [t:/workspace/open/src/hotspot/share/classfile/systemDictionary.cpp, line 235]
Event: 0.346 Thread 0x000002a897575800 Exception <a 'java/lang/ClassNotFoundException'{0x00000000897c2d38}: com/sun/swing/internal/plaf/basic/resources/spi/basicProvider> (0x00000000897c2d38) thrown at [t:/workspace/open/src/hotspot/share/classfile/systemDictionary.cpp, line 235]
Event: 0.392 Thread 0x000002a897575800 Exception <a 'sun/nio/fs/WindowsException'{0x000000008961d340}> (0x000000008961d340) thrown at [t:/workspace/open/src/hotspot/share/prims/jni.cpp, line 615]
Event: 0.393 Thread 0x000002a897575800 Exception <a 'sun/nio/fs/WindowsException'{0x000000008961fb18}> (0x000000008961fb18) thrown at [t:/workspace/open/src/hotspot/share/prims/jni.cpp, line 615]
Event: 0.394 Thread 0x000002a897575800 Exception <a 'sun/nio/fs/WindowsException'{0x00000000896226a0}> (0x00000000896226a0) thrown at [t:/workspace/open/src/hotspot/share/prims/jni.cpp, line 615]
Event: 0.395 Thread 0x000002a897575800 Exception <a 'sun/nio/fs/WindowsException'{0x00000000896252f8}> (0x00000000896252f8) thrown at [t:/workspace/open/src/hotspot/share/prims/jni.cpp, line 615]
Event: 0.396 Thread 0x000002a897575800 Exception <a 'sun/nio/fs/WindowsException'{0x0000000089627f90}> (0x0000000089627f90) thrown at [t:/workspace/open/src/hotspot/share/prims/jni.cpp, line 615]
Event: 0.709 Thread 0x000002a897575800 Exception <a 'java/lang/NoSuchMethodError'{0x00000000898bf758}: java.lang.invoke.DirectMethodHandle$Holder.invokeStaticInit(Ljava/lang/Object;)V> (0x00000000898bf758) thrown at [t:/workspace/open/src/hotspot/share/interpreter/linkResolver.cpp, line 777]
Event: 0.747 Thread 0x000002a897575800 Exception <a 'java/lang/NoSuchMethodError'{0x000000008964df20}: java.lang.invoke.Invokers$Holder.linkToTargetMethod(Ljava/lang/Object;ILjava/lang/Object;)Ljava/lang/Object;> (0x000000008964df20) thrown at [t:/workspace/open/src/hotspot/share/interpreter/l
Event: 0.752 Thread 0x000002a897575800 Exception <a 'sun/nio/fs/WindowsException'{0x0000000089652e50}> (0x0000000089652e50) thrown at [t:/workspace/open/src/hotspot/share/prims/jni.cpp, line 615]

Events (10 events):
Event: 0.826 Executing VM operation: RevokeBias
Event: 0.826 Executing VM operation: RevokeBias done
Event: 0.826 Executing VM operation: RevokeBias
Event: 0.826 Executing VM operation: RevokeBias done
Event: 0.827 Executing VM operation: RevokeBias
Event: 0.827 Executing VM operation: RevokeBias done
Event: 0.828 Executing VM operation: RevokeBias
Event: 0.828 Executing VM operation: RevokeBias done
Event: 0.828 Executing VM operation: RevokeBias
Event: 0.828 Executing VM operation: RevokeBias done


Dynamic libraries:
0x00007ff733260000 - 0x00007ff73326f000 	C:\Program Files\Java\jdk-12.0.2\bin\javaw.exe
0x00007ff9a1ba0000 - 0x00007ff9a1d80000 	C:\Windows\SYSTEM32\ntdll.dll
0x00007ff99f2d0000 - 0x00007ff99f37e000 	C:\Windows\System32\KERNEL32.DLL
0x00007ff99e1a0000 - 0x00007ff99e406000 	C:\Windows\System32\KERNELBASE.dll
0x00007ff99eed0000 - 0x00007ff99efc6000 	C:\Windows\System32\ucrtbase.dll
0x00007ff9933e0000 - 0x00007ff9933f8000 	C:\Program Files\Java\jdk-12.0.2\bin\jli.dll
0x00007ff9a0860000 - 0x00007ff9a0901000 	C:\Windows\System32\ADVAPI32.dll
0x00007ff99f230000 - 0x00007ff99f2cd000 	C:\Windows\System32\msvcrt.dll
0x00007ff9933c0000 - 0x00007ff9933d6000 	C:\Program Files\Java\jdk-12.0.2\bin\VCRUNTIME140.dll
0x00007ff9a16b0000 - 0x00007ff9a170b000 	C:\Windows\System32\sechost.dll
0x00007ff9a1710000 - 0x00007ff9a182f000 	C:\Windows\System32\RPCRT4.dll
0x00007ff9a0910000 - 0x00007ff9a0a9e000 	C:\Windows\System32\USER32.dll
0x00007ff99ee60000 - 0x00007ff99ee80000 	C:\Windows\System32\win32u.dll
0x00007ff990cd0000 - 0x00007ff990f39000 	C:\Windows\WinSxS\amd64_microsoft.windows.common-controls_6595b64144ccf1df_6.0.16299.15_none_cc92fb402215d91d\COMCTL32.dll
0x00007ff99f200000 - 0x00007ff99f228000 	C:\Windows\System32\GDI32.dll
0x00007ff9a0e20000 - 0x00007ff9a1128000 	C:\Windows\System32\combase.dll
0x00007ff99dfa0000 - 0x00007ff99e131000 	C:\Windows\System32\gdi32full.dll
0x00007ff99efd0000 - 0x00007ff99f06b000 	C:\Windows\System32\msvcp_win.dll
0x00007ff99e690000 - 0x00007ff99e702000 	C:\Windows\System32\bcryptPrimitives.dll
0x00007ff990f50000 - 0x00007ff990f5a000 	C:\Windows\SYSTEM32\VERSION.dll
0x00007ff9a0830000 - 0x00007ff9a085d000 	C:\Windows\System32\IMM32.DLL
0x00007ff97fb20000 - 0x00007ff97fbca000 	C:\Program Files\Java\jdk-12.0.2\bin\msvcp140.dll
0x00007ff95fa00000 - 0x00007ff960577000 	C:\Program Files\Java\jdk-12.0.2\bin\server\jvm.dll
0x00007ff9a18d0000 - 0x00007ff9a18d8000 	C:\Windows\System32\PSAPI.DLL
0x00007ff99a990000 - 0x00007ff99a9b3000 	C:\Windows\SYSTEM32\WINMM.dll
0x00007ff993d00000 - 0x00007ff993d09000 	C:\Windows\SYSTEM32\WSOCK32.dll
0x00007ff99f380000 - 0x00007ff99f3ec000 	C:\Windows\System32\WS2_32.dll
0x00007ff99a960000 - 0x00007ff99a98a000 	C:\Windows\SYSTEM32\WINMMBASE.dll
0x00007ff99ee80000 - 0x00007ff99eeca000 	C:\Windows\System32\cfgmgr32.dll
0x00007ff99df80000 - 0x00007ff99df91000 	C:\Windows\System32\kernel.appcore.dll
0x00007ff997650000 - 0x00007ff997661000 	C:\Program Files\Java\jdk-12.0.2\bin\verify.dll
0x00007ff98ed10000 - 0x00007ff98eed8000 	C:\Windows\SYSTEM32\DBGHELP.DLL
0x00007ff98ebb0000 - 0x00007ff98ebd9000 	C:\Windows\SYSTEM32\dbgcore.DLL
0x00007ff997340000 - 0x00007ff997366000 	C:\Program Files\Java\jdk-12.0.2\bin\java.dll
0x00007ff995390000 - 0x00007ff9953a7000 	C:\Program Files\Java\jdk-12.0.2\bin\zip.dll
0x00007ff997330000 - 0x00007ff99733a000 	C:\Program Files\Java\jdk-12.0.2\bin\jimage.dll
0x00007ff99f3f0000 - 0x00007ff9a0827000 	C:\Windows\System32\SHELL32.dll
0x00007ff9a1130000 - 0x00007ff9a11d6000 	C:\Windows\System32\shcore.dll
0x00007ff99e710000 - 0x00007ff99ee57000 	C:\Windows\System32\windows.storage.dll
0x00007ff99f1a0000 - 0x00007ff99f1f1000 	C:\Windows\System32\shlwapi.dll
0x00007ff99def0000 - 0x00007ff99df3c000 	C:\Windows\System32\powrprof.dll
0x00007ff99df60000 - 0x00007ff99df7b000 	C:\Windows\System32\profapi.dll
0x00007ff994e40000 - 0x00007ff994e59000 	C:\Program Files\Java\jdk-12.0.2\bin\net.dll
0x00007ff993810000 - 0x00007ff9939dc000 	C:\Windows\SYSTEM32\urlmon.dll
0x00007ff998ce0000 - 0x00007ff998dbe000 	C:\Windows\SYSTEM32\WINHTTP.dll
0x00007ff99f180000 - 0x00007ff99f19d000 	C:\Windows\System32\imagehlp.dll
0x00007ff994240000 - 0x00007ff9944d9000 	C:\Windows\SYSTEM32\iertutil.dll
0x00007ff99d960000 - 0x00007ff99d96b000 	C:\Windows\SYSTEM32\CRYPTBASE.DLL
0x00007ff99d780000 - 0x00007ff99d7e6000 	C:\Windows\system32\mswsock.dll
0x00007ff994e20000 - 0x00007ff994e33000 	C:\Program Files\Java\jdk-12.0.2\bin\nio.dll
0x00007ff95f540000 - 0x00007ff95f6df000 	C:\Program Files\Java\jdk-12.0.2\bin\awt.dll
0x00007ff9a1aa0000 - 0x00007ff9a1b65000 	C:\Windows\System32\OLEAUT32.dll
0x00007ff99b050000 - 0x00007ff99b608000 	C:\Windows\SYSTEM32\d2d1.dll
0x00007ff99e4c0000 - 0x00007ff99e68e000 	C:\Windows\System32\CRYPT32.dll
0x00007ff99df40000 - 0x00007ff99df52000 	C:\Windows\System32\MSASN1.dll
0x00007ff99bf10000 - 0x00007ff99bf97000 	C:\Windows\SYSTEM32\apphelp.dll
0x00007ff99c780000 - 0x00007ff99c7aa000 	C:\Windows\system32\DWMAPI.DLL
0x00007ff99c0e0000 - 0x00007ff99c175000 	C:\Windows\system32\uxtheme.dll
0x00007ff991d80000 - 0x00007ff991e9e000 	C:\Windows\system32\opengl32.dll
0x00007ff995970000 - 0x00007ff99599c000 	C:\Windows\SYSTEM32\GLU32.dll
0x00007ff9a0b10000 - 0x00007ff9a0c77000 	C:\Windows\System32\MSCTF.dll
0x00007ff9a18e0000 - 0x00007ff9a1a29000 	C:\Windows\System32\ole32.dll
0x00007ff993340000 - 0x00007ff9933c0000 	C:\Program Files\Java\jdk-12.0.2\bin\freetype.dll
0x00007ff966180000 - 0x00007ff96622b000 	C:\Program Files\Java\jdk-12.0.2\bin\fontmanager.dll
0x00007ff9956d0000 - 0x00007ff995768000 	C:\Windows\System32\TextInputFramework.dll
0x00007ff999920000 - 0x00007ff999c0e000 	C:\Windows\System32\CoreUIComponents.dll
0x00007ff99b900000 - 0x00007ff99b9dd000 	C:\Windows\System32\CoreMessaging.dll
0x00007ff99d030000 - 0x00007ff99d061000 	C:\Windows\SYSTEM32\ntmarta.dll
0x00007ff999d50000 - 0x00007ff999e86000 	C:\Windows\SYSTEM32\wintypes.dll

dbghelp: loaded successfully - version: 4.0.5 - missing functions: none
symbol engine: initialized successfully - sym options: 0x614 - pdb path: .;C:\Program Files\Java\jdk-12.0.2\bin;C:\Windows\SYSTEM32;C:\Windows\WinSxS\amd64_microsoft.windows.common-controls_6595b64144ccf1df_6.0.16299.15_none_cc92fb402215d91d;C:\Program Files\Java\jdk-12.0.2\bin\server

VM Arguments:
jvm_args: -Dfile.encoding=UTF-8 --module-path=D:\Nam3-HK1\PTUD\baitaplonPTUD\bin -Djdk.module.main=baitaplonPTUD 
java_command: baitaplonPTUD/GUI.giaodienChinh
java_class_path (initial): <not set>
Launcher Type: SUN_STANDARD

[Global flags]
     intx CICompilerCount                          = 3                                         {product} {ergonomic}
     uint ConcGCThreads                            = 1                                         {product} {ergonomic}
     uint G1ConcRefinementThreads                  = 4                                         {product} {ergonomic}
   size_t G1HeapRegionSize                         = 1048576                                   {product} {ergonomic}
    uintx GCDrainStackTargetSize                   = 64                                        {product} {ergonomic}
   size_t InitialHeapSize                          = 134217728                                 {product} {ergonomic}
   size_t MarkStackSize                            = 4194304                                   {product} {ergonomic}
   size_t MaxHeapSize                              = 2118123520                                {product} {ergonomic}
   size_t MaxNewSize                               = 1270874112                                {product} {ergonomic}
   size_t MinHeapDeltaBytes                        = 1048576                                   {product} {ergonomic}
    uintx NonNMethodCodeHeapSize                   = 5830732                                {pd product} {ergonomic}
    uintx NonProfiledCodeHeapSize                  = 122913754                              {pd product} {ergonomic}
    uintx ProfiledCodeHeapSize                     = 122913754                              {pd product} {ergonomic}
    uintx ReservedCodeCacheSize                    = 251658240                              {pd product} {ergonomic}
     bool SegmentedCodeCache                       = true                                      {product} {ergonomic}
     bool UseCompressedClassPointers               = true                                 {lp64_product} {ergonomic}
     bool UseCompressedOops                        = true                                 {lp64_product} {ergonomic}
     bool UseG1GC                                  = true                                      {product} {ergonomic}
     bool UseLargePagesIndividualAllocation        = false                                  {pd product} {ergonomic}

Logging:
Log output configuration:
 #0: stdout all=warning uptime,level,tags
 #1: stderr all=off uptime,level,tags

Environment Variables:
PATH=C:/Program Files/Java/jdk-12.0.2/bin/server;C:/Program Files/Java/jdk-12.0.2/bin;"C:\Program Files\Microsoft MPI\Bin\;C:\Program Files\MongoDB\Server\4.0\bin";C:\Windows\system32;C:\Windows;C:\Windows\System32\Wbem;C:\Windows\System32\WindowsPowerShell\v1.0\;C:\Program Files (x86)\Microsoft SQL Server\140\Tools\Binn\;C:\Program Files\Microsoft SQL Server\140\Tools\Binn\;C:\Program Files (x86)\Microsoft SQL Server\140\DTS\Binn\;C:\Program Files\Microsoft SQL Server\140\DTS\Binn\;C:\Program Files\Microsoft SQL Server\Client SDK\ODBC\130\Tools\Binn\;C:\Program Files\Microsoft SQL Server\110\Tools\Binn\;C:\Program Files (x86)\Microsoft SQL Server\110\Tools\Binn\;C:\Program Files\Microsoft SQL Server\110\DTS\Binn\;C:\Program Files (x86)\Microsoft SQL Server\110\Tools\Binn\ManagementStudio\;C:\Program Files (x86)\Microsoft Visual Studio 10.0\Common7\IDE\PrivateAssemblies\;C:\Program Files (x86)\Microsoft SQL Server\110\DTS\Binn\;C:\Program Files\Microsoft SQL Server\Client SDK\ODBC\170\Tools\Binn\;C:\Program Files\Microsoft VS Code\bin;C:\Program Files\MongoDB\Server\4.0\bin;C:\Users\AccountName\Anaconda3;C:\Users\AccountName\Anaconda3\Library\mingw-w64\bin;C:\Users\AccountName\Anaconda3\Library\usr\bin;C:\Users\AccountName\Anaconda3\Library\bin;C:\Users\AccountName\Anaconda3\Scripts;C:\Users\AccountName\AppData\Local\Microsoft\WindowsApps;C:\Users\AccountName\AppData\Local\Programs\Microsoft VS Code\bin;C:\Users\AccountName\Desktop;
USERNAME=AccountName
OS=Windows_NT
PROCESSOR_IDENTIFIER=Intel64 Family 6 Model 69 Stepping 1, GenuineIntel



---------------  S Y S T E M  ---------------

OS: Windows 10 , 64 bit Build 16299 (10.0.16299.15)

CPU:total 4 (initial active 4) (2 cores per cpu, 2 threads per core) family 6 model 69 stepping 1, cmov, cx8, fxsr, mmx, sse, sse2, sse3, ssse3, sse4.1, sse4.2, popcnt, avx, avx2, aes, clmul, erms, lzcnt, ht, tsc, tscinvbit, bmi1, bmi2, fma

Memory: 4k page, system-wide physical 8073M (2453M free)
TotalPageFile size 20504M (AvailPageFile size 9M)
current process WorkingSet (physical memory assigned to process): 81M, peak: 81M
current process commit charge ("private bytes"): 213M, peak: 214M

vm_info: Java HotSpot(TM) 64-Bit Server VM (12.0.2+10) for windows-amd64 JRE (12.0.2+10), built on Jul 16 2019 01:56:17 by "mach5one" with MS VC++ 15.5 (VS2017)

END.
